Analysis & Synthesis report for ConsoleFPGA
Sun Apr 12 14:43:28 2020
Quartus Prime Version 18.1.0 Build 625 09/12/2018 SJ Lite Edition


---------------------
; Table of Contents ;
---------------------
  1. Legal Notice
  2. Analysis & Synthesis Summary
  3. Analysis & Synthesis Settings
  4. Parallel Compilation
  5. Analysis & Synthesis Source Files Read
  6. Analysis & Synthesis Resource Usage Summary
  7. Analysis & Synthesis Resource Utilization by Entity
  8. State Machine - |printModule|state
  9. Registers Removed During Synthesis
 10. General Register Statistics
 11. Parameter Settings for User Entity Instance: Top-level Entity: |printModule
 12. Post-Synthesis Netlist Statistics for Top Partition
 13. Elapsed Time Per Partition
 14. Analysis & Synthesis Messages



----------------
; Legal Notice ;
----------------
Copyright (C) 2018  Intel Corporation. All rights reserved.
Your use of Intel Corporation's design tools, logic functions 
and other software and tools, and its AMPP partner logic 
functions, and any output files from any of the foregoing 
(including device programming or simulation files), and any 
associated documentation or information are expressly subject 
to the terms and conditions of the Intel Program License 
Subscription Agreement, the Intel Quartus Prime License Agreement,
the Intel FPGA IP License Agreement, or other applicable license
agreement, including, without limitation, that your use is for
the sole purpose of programming logic devices manufactured by
Intel and sold by Intel or its authorized distributors.  Please
refer to the applicable agreement for further details.



+----------------------------------------------------------------------------------+
; Analysis & Synthesis Summary                                                     ;
+------------------------------------+---------------------------------------------+
; Analysis & Synthesis Status        ; Successful - Sun Apr 12 14:43:28 2020       ;
; Quartus Prime Version              ; 18.1.0 Build 625 09/12/2018 SJ Lite Edition ;
; Revision Name                      ; ConsoleFPGA                                 ;
; Top-level Entity Name              ; printModule                                 ;
; Family                             ; Cyclone IV E                                ;
; Total logic elements               ; 75                                          ;
;     Total combinational functions  ; 24                                          ;
;     Dedicated logic registers      ; 57                                          ;
; Total registers                    ; 57                                          ;
; Total pins                         ; 125                                         ;
; Total virtual pins                 ; 0                                           ;
; Total memory bits                  ; 0                                           ;
; Embedded Multiplier 9-bit elements ; 0                                           ;
; Total PLLs                         ; 0                                           ;
+------------------------------------+---------------------------------------------+


+------------------------------------------------------------------------------------------------------------+
; Analysis & Synthesis Settings                                                                              ;
+------------------------------------------------------------------+--------------------+--------------------+
; Option                                                           ; Setting            ; Default Value      ;
+------------------------------------------------------------------+--------------------+--------------------+
; Device                                                           ; EP4CE22F17C6       ;                    ;
; Top-level entity name                                            ; printModule        ; ConsoleFPGA        ;
; Family name                                                      ; Cyclone IV E       ; Cyclone V          ;
; Use smart compilation                                            ; Off                ; Off                ;
; Enable parallel Assembler and Timing Analyzer during compilation ; On                 ; On                 ;
; Enable compact report table                                      ; Off                ; Off                ;
; Restructure Multiplexers                                         ; Auto               ; Auto               ;
; Create Debugging Nodes for IP Cores                              ; Off                ; Off                ;
; Preserve fewer node names                                        ; On                 ; On                 ;
; Intel FPGA IP Evaluation Mode                                    ; Enable             ; Enable             ;
; Verilog Version                                                  ; Verilog_2001       ; Verilog_2001       ;
; VHDL Version                                                     ; VHDL_1993          ; VHDL_1993          ;
; State Machine Processing                                         ; Auto               ; Auto               ;
; Safe State Machine                                               ; Off                ; Off                ;
; Extract Verilog State Machines                                   ; On                 ; On                 ;
; Extract VHDL State Machines                                      ; On                 ; On                 ;
; Ignore Verilog initial constructs                                ; Off                ; Off                ;
; Iteration limit for constant Verilog loops                       ; 5000               ; 5000               ;
; Iteration limit for non-constant Verilog loops                   ; 250                ; 250                ;
; Add Pass-Through Logic to Inferred RAMs                          ; On                 ; On                 ;
; Infer RAMs from Raw Logic                                        ; On                 ; On                 ;
; Parallel Synthesis                                               ; On                 ; On                 ;
; DSP Block Balancing                                              ; Auto               ; Auto               ;
; NOT Gate Push-Back                                               ; On                 ; On                 ;
; Power-Up Don't Care                                              ; On                 ; On                 ;
; Remove Redundant Logic Cells                                     ; Off                ; Off                ;
; Remove Duplicate Registers                                       ; On                 ; On                 ;
; Ignore CARRY Buffers                                             ; Off                ; Off                ;
; Ignore CASCADE Buffers                                           ; Off                ; Off                ;
; Ignore GLOBAL Buffers                                            ; Off                ; Off                ;
; Ignore ROW GLOBAL Buffers                                        ; Off                ; Off                ;
; Ignore LCELL Buffers                                             ; Off                ; Off                ;
; Ignore SOFT Buffers                                              ; On                 ; On                 ;
; Limit AHDL Integers to 32 Bits                                   ; Off                ; Off                ;
; Optimization Technique                                           ; Balanced           ; Balanced           ;
; Carry Chain Length                                               ; 70                 ; 70                 ;
; Auto Carry Chains                                                ; On                 ; On                 ;
; Auto Open-Drain Pins                                             ; On                 ; On                 ;
; Perform WYSIWYG Primitive Resynthesis                            ; Off                ; Off                ;
; Auto ROM Replacement                                             ; On                 ; On                 ;
; Auto RAM Replacement                                             ; On                 ; On                 ;
; Auto DSP Block Replacement                                       ; On                 ; On                 ;
; Auto Shift Register Replacement                                  ; Auto               ; Auto               ;
; Allow Shift Register Merging across Hierarchies                  ; Auto               ; Auto               ;
; Auto Clock Enable Replacement                                    ; On                 ; On                 ;
; Strict RAM Replacement                                           ; Off                ; Off                ;
; Allow Synchronous Control Signals                                ; On                 ; On                 ;
; Force Use of Synchronous Clear Signals                           ; Off                ; Off                ;
; Auto RAM Block Balancing                                         ; On                 ; On                 ;
; Auto RAM to Logic Cell Conversion                                ; Off                ; Off                ;
; Auto Resource Sharing                                            ; Off                ; Off                ;
; Allow Any RAM Size For Recognition                               ; Off                ; Off                ;
; Allow Any ROM Size For Recognition                               ; Off                ; Off                ;
; Allow Any Shift Register Size For Recognition                    ; Off                ; Off                ;
; Use LogicLock Constraints during Resource Balancing              ; On                 ; On                 ;
; Ignore translate_off and synthesis_off directives                ; Off                ; Off                ;
; Timing-Driven Synthesis                                          ; On                 ; On                 ;
; Report Parameter Settings                                        ; On                 ; On                 ;
; Report Source Assignments                                        ; On                 ; On                 ;
; Report Connectivity Checks                                       ; On                 ; On                 ;
; Ignore Maximum Fan-Out Assignments                               ; Off                ; Off                ;
; Synchronization Register Chain Length                            ; 2                  ; 2                  ;
; Power Optimization During Synthesis                              ; Normal compilation ; Normal compilation ;
; HDL message level                                                ; Level2             ; Level2             ;
; Suppress Register Optimization Related Messages                  ; Off                ; Off                ;
; Number of Removed Registers Reported in Synthesis Report         ; 5000               ; 5000               ;
; Number of Swept Nodes Reported in Synthesis Report               ; 5000               ; 5000               ;
; Number of Inverted Registers Reported in Synthesis Report        ; 100                ; 100                ;
; Clock MUX Protection                                             ; On                 ; On                 ;
; Auto Gated Clock Conversion                                      ; Off                ; Off                ;
; Block Design Naming                                              ; Auto               ; Auto               ;
; SDC constraint protection                                        ; Off                ; Off                ;
; Synthesis Effort                                                 ; Auto               ; Auto               ;
; Shift Register Replacement - Allow Asynchronous Clear Signal     ; On                 ; On                 ;
; Pre-Mapping Resynthesis Optimization                             ; Off                ; Off                ;
; Analysis & Synthesis Message Level                               ; Medium             ; Medium             ;
; Disable Register Merging Across Hierarchies                      ; Auto               ; Auto               ;
; Resource Aware Inference For Block RAM                           ; On                 ; On                 ;
+------------------------------------------------------------------+--------------------+--------------------+


+------------------------------------------+
; Parallel Compilation                     ;
+----------------------------+-------------+
; Processors                 ; Number      ;
+----------------------------+-------------+
; Number detected on machine ; 4           ;
; Maximum allowed            ; 2           ;
;                            ;             ;
; Average used               ; 1.00        ;
; Maximum used               ; 2           ;
;                            ;             ;
; Usage by Processor         ; % Time Used ;
;     Processor 1            ; 100.0%      ;
;     Processor 2            ;   0.0%      ;
+----------------------------+-------------+


+----------------------------------------------------------------------------------------------------------------------------------------------------------------+
; Analysis & Synthesis Source Files Read                                                                                                                         ;
+-----------------------------------+-----------------+------------------------+-----------------------------------------------------------------------+---------+
; File Name with User-Entered Path  ; Used in Netlist ; File Type              ; File Name with Absolute Path                                          ; Library ;
+-----------------------------------+-----------------+------------------------+-----------------------------------------------------------------------+---------+
; modulos/printModule/printModule.v ; yes             ; User Verilog HDL File  ; /home/gabriel/Documents/ConsoleFPGA/modulos/printModule/printModule.v ;         ;
+-----------------------------------+-----------------+------------------------+-----------------------------------------------------------------------+---------+


+---------------------------------------------------------+
; Analysis & Synthesis Resource Usage Summary             ;
+---------------------------------------------+-----------+
; Resource                                    ; Usage     ;
+---------------------------------------------+-----------+
; Estimated Total logic elements              ; 75        ;
;                                             ;           ;
; Total combinational functions               ; 24        ;
; Logic element usage by number of LUT inputs ;           ;
;     -- 4 input functions                    ; 16        ;
;     -- 3 input functions                    ; 5         ;
;     -- <=2 input functions                  ; 3         ;
;                                             ;           ;
; Logic elements by mode                      ;           ;
;     -- normal mode                          ; 24        ;
;     -- arithmetic mode                      ; 0         ;
;                                             ;           ;
; Total registers                             ; 57        ;
;     -- Dedicated logic registers            ; 57        ;
;     -- I/O registers                        ; 0         ;
;                                             ;           ;
; I/O pins                                    ; 125       ;
;                                             ;           ;
; Embedded Multiplier 9-bit elements          ; 0         ;
;                                             ;           ;
; Maximum fan-out node                        ; clk~input ;
; Maximum fan-out                             ; 56        ;
; Total fan-out                               ; 432       ;
; Average fan-out                             ; 1.31      ;
+---------------------------------------------+-----------+


+----------------------------------------------------------------------------------------------------------------------------------------------------------------------------------------------------------+
; Analysis & Synthesis Resource Utilization by Entity                                                                                                                                                      ;
+----------------------------+---------------------+---------------------------+-------------+--------------+---------+-----------+------+--------------+---------------------+-------------+--------------+
; Compilation Hierarchy Node ; Combinational ALUTs ; Dedicated Logic Registers ; Memory Bits ; DSP Elements ; DSP 9x9 ; DSP 18x18 ; Pins ; Virtual Pins ; Full Hierarchy Name ; Entity Name ; Library Name ;
+----------------------------+---------------------+---------------------------+-------------+--------------+---------+-----------+------+--------------+---------------------+-------------+--------------+
; |printModule               ; 24 (24)             ; 57 (57)                   ; 0           ; 0            ; 0       ; 0         ; 125  ; 0            ; |printModule        ; printModule ; work         ;
+----------------------------+---------------------+---------------------------+-------------+--------------+---------+-----------+------+--------------+---------------------+-------------+--------------+
Note: For table entries with two numbers listed, the numbers in parentheses indicate the number of resources of the given type used by the specific entity alone. The numbers listed outside of parentheses indicate the total resources of the given type used by the specific entity and all of its sub-entities in the hierarchy.


Encoding Type:  One-Hot
+--------------------------------------------------------------------------------------------------+
; State Machine - |printModule|state                                                               ;
+-----------------+---------------+--------------+----------------+--------------+-----------------+
; Name            ; state.AGUARDO ; state.SPRITE ; state.PROCESSA ; state.RECEBE ; state.AGUARDO_2 ;
+-----------------+---------------+--------------+----------------+--------------+-----------------+
; state.RECEBE    ; 0             ; 0            ; 0              ; 0            ; 0               ;
; state.PROCESSA  ; 0             ; 0            ; 1              ; 1            ; 0               ;
; state.SPRITE    ; 0             ; 1            ; 0              ; 1            ; 0               ;
; state.AGUARDO   ; 1             ; 0            ; 0              ; 1            ; 0               ;
; state.AGUARDO_2 ; 0             ; 0            ; 0              ; 1            ; 1               ;
+-----------------+---------------+--------------+----------------+--------------+-----------------+


+---------------------------------------------------------------------------------+
; Registers Removed During Synthesis                                              ;
+----------------------------------------+----------------------------------------+
; Register name                          ; Reason for Removal                     ;
+----------------------------------------+----------------------------------------+
; out_memory_address[1..8,10..13]        ; Merged with out_memory_address[0]      ;
; out_memory_address[9,15,16]            ; Merged with out_memory_address[14]     ;
; out_memory_address[0]                  ; Stuck at GND due to stuck port data_in ;
; out_memory_address[14]                 ; Stuck at VCC due to stuck port data_in ;
; state~4                                ; Lost fanout                            ;
; state~5                                ; Lost fanout                            ;
; Total Number of Removed Registers = 19 ;                                        ;
+----------------------------------------+----------------------------------------+


+------------------------------------------------------+
; General Register Statistics                          ;
+----------------------------------------------+-------+
; Statistic                                    ; Value ;
+----------------------------------------------+-------+
; Total registers                              ; 57    ;
; Number of registers using Synchronous Clear  ; 0     ;
; Number of registers using Synchronous Load   ; 0     ;
; Number of registers using Asynchronous Clear ; 6     ;
; Number of registers using Asynchronous Load  ; 0     ;
; Number of registers using Clock Enable       ; 50    ;
; Number of registers using Preset             ; 0     ;
+----------------------------------------------+-------+


+-----------------------------------------------------------------------------+
; Parameter Settings for User Entity Instance: Top-level Entity: |printModule ;
+----------------+-------+----------------------------------------------------+
; Parameter Name ; Value ; Type                                               ;
+----------------+-------+----------------------------------------------------+
; size_x         ; 10    ; Signed Integer                                     ;
; size_y         ; 9     ; Signed Integer                                     ;
; size_address   ; 17    ; Signed Integer                                     ;
+----------------+-------+----------------------------------------------------+
Note: In order to hide this table in the UI and the text report file, please set the "Show Parameter Settings in Synthesis Report" option in "Analysis and Synthesis Settings -> More Settings" to "Off".


+-----------------------------------------------------+
; Post-Synthesis Netlist Statistics for Top Partition ;
+-----------------------+-----------------------------+
; Type                  ; Count                       ;
+-----------------------+-----------------------------+
; boundary_port         ; 125                         ;
; cycloneiii_ff         ; 57                          ;
;     CLR               ; 6                           ;
;     ENA               ; 50                          ;
;     plain             ; 1                           ;
; cycloneiii_lcell_comb ; 26                          ;
;     normal            ; 26                          ;
;         0 data inputs ; 2                           ;
;         2 data inputs ; 3                           ;
;         3 data inputs ; 5                           ;
;         4 data inputs ; 16                          ;
;                       ;                             ;
; Max LUT depth         ; 3.00                        ;
; Average LUT depth     ; 1.39                        ;
+-----------------------+-----------------------------+


+-------------------------------+
; Elapsed Time Per Partition    ;
+----------------+--------------+
; Partition Name ; Elapsed Time ;
+----------------+--------------+
; Top            ; 00:00:01     ;
+----------------+--------------+


+-------------------------------+
; Analysis & Synthesis Messages ;
+-------------------------------+
Info: *******************************************************************
Info: Running Quartus Prime Analysis & Synthesis
    Info: Version 18.1.0 Build 625 09/12/2018 SJ Lite Edition
    Info: Processing started: Sun Apr 12 14:42:58 2020
Info: Command: quartus_map --read_settings_files=on --write_settings_files=off ConsoleFPGA -c ConsoleFPGA
Warning (18236): Number of processors has not been specified which may cause overloading on shared machines.  Set the global assignment NUM_PARALLEL_PROCESSORS in your QSF to an appropriate value for best performance.
Info (20030): Parallel compilation is enabled and will use 2 of the 2 processors detected
Info (12021): Found 1 design units, including 1 entities, in source file modulos/sprite_line_counter/sprite_line_counter.v
    Info (12023): Found entity 1: sprite_line_counter File: /home/gabriel/Documents/ConsoleFPGA/modulos/sprite_line_counter/sprite_line_counter.v Line: 18
Info (12021): Found 1 design units, including 1 entities, in source file modulos/printModule/printModule.v
    Info (12023): Found entity 1: printModule File: /home/gabriel/Documents/ConsoleFPGA/modulos/printModule/printModule.v Line: 20
Warning (10222): Verilog HDL Parameter Declaration warning at sprite_line_counter.v(32): Parameter Declaration in module "sprite_line_counter" behaves as a Local Parameter Declaration because the module has a Module Parameter Port List File: /home/gabriel/Documents/ConsoleFPGA/modulos/sprite_line_counter/sprite_line_counter.v Line: 32
Warning (10222): Verilog HDL Parameter Declaration warning at printModule.v(40): Parameter Declaration in module "printModule" behaves as a Local Parameter Declaration because the module has a Module Parameter Port List File: /home/gabriel/Documents/ConsoleFPGA/modulos/printModule/printModule.v Line: 40
Warning (10222): Verilog HDL Parameter Declaration warning at printModule.v(41): Parameter Declaration in module "printModule" behaves as a Local Parameter Declaration because the module has a Module Parameter Port List File: /home/gabriel/Documents/ConsoleFPGA/modulos/printModule/printModule.v Line: 41
Warning (10222): Verilog HDL Parameter Declaration warning at printModule.v(46): Parameter Declaration in module "printModule" behaves as a Local Parameter Declaration because the module has a Module Parameter Port List File: /home/gabriel/Documents/ConsoleFPGA/modulos/printModule/printModule.v Line: 46
Warning (10222): Verilog HDL Parameter Declaration warning at printModule.v(47): Parameter Declaration in module "printModule" behaves as a Local Parameter Declaration because the module has a Module Parameter Port List File: /home/gabriel/Documents/ConsoleFPGA/modulos/printModule/printModule.v Line: 47
Warning (10222): Verilog HDL Parameter Declaration warning at printModule.v(48): Parameter Declaration in module "printModule" behaves as a Local Parameter Declaration because the module has a Module Parameter Port List File: /home/gabriel/Documents/ConsoleFPGA/modulos/printModule/printModule.v Line: 48
Warning (10222): Verilog HDL Parameter Declaration warning at printModule.v(49): Parameter Declaration in module "printModule" behaves as a Local Parameter Declaration because the module has a Module Parameter Port List File: /home/gabriel/Documents/ConsoleFPGA/modulos/printModule/printModule.v Line: 49
Info (12127): Elaborating entity "printModule" for the top level hierarchy
Warning (10235): Verilog HDL Always Construct warning at printModule.v(79): variable "active_area" is read inside the Always Construct but isn't in the Always Construct's Event Control File: /home/gabriel/Documents/ConsoleFPGA/modulos/printModule/printModule.v Line: 79
Warning (10230): Verilog HDL assignment warning at printModule.v(123): truncated value with size 32 to match size of target (18) File: /home/gabriel/Documents/ConsoleFPGA/modulos/printModule/printModule.v Line: 123
Warning (10230): Verilog HDL assignment warning at printModule.v(134): truncated value with size 10 to match size of target (9) File: /home/gabriel/Documents/ConsoleFPGA/modulos/printModule/printModule.v Line: 134
Info (10264): Verilog HDL Case Statement information at printModule.v(128): all case item expressions in this case statement are onehot File: /home/gabriel/Documents/ConsoleFPGA/modulos/printModule/printModule.v Line: 128
Warning (13024): Output pins are stuck at VCC or GND
    Warning (13410): Pin "memory_address[0]" is stuck at GND File: /home/gabriel/Documents/ConsoleFPGA/modulos/printModule/printModule.v Line: 32
    Warning (13410): Pin "memory_address[1]" is stuck at GND File: /home/gabriel/Documents/ConsoleFPGA/modulos/printModule/printModule.v Line: 32
    Warning (13410): Pin "memory_address[2]" is stuck at GND File: /home/gabriel/Documents/ConsoleFPGA/modulos/printModule/printModule.v Line: 32
    Warning (13410): Pin "memory_address[3]" is stuck at GND File: /home/gabriel/Documents/ConsoleFPGA/modulos/printModule/printModule.v Line: 32
    Warning (13410): Pin "memory_address[4]" is stuck at GND File: /home/gabriel/Documents/ConsoleFPGA/modulos/printModule/printModule.v Line: 32
    Warning (13410): Pin "memory_address[5]" is stuck at GND File: /home/gabriel/Documents/ConsoleFPGA/modulos/printModule/printModule.v Line: 32
    Warning (13410): Pin "memory_address[6]" is stuck at GND File: /home/gabriel/Documents/ConsoleFPGA/modulos/printModule/printModule.v Line: 32
    Warning (13410): Pin "memory_address[7]" is stuck at GND File: /home/gabriel/Documents/ConsoleFPGA/modulos/printModule/printModule.v Line: 32
    Warning (13410): Pin "memory_address[8]" is stuck at GND File: /home/gabriel/Documents/ConsoleFPGA/modulos/printModule/printModule.v Line: 32
    Warning (13410): Pin "memory_address[9]" is stuck at VCC File: /home/gabriel/Documents/ConsoleFPGA/modulos/printModule/printModule.v Line: 32
    Warning (13410): Pin "memory_address[10]" is stuck at GND File: /home/gabriel/Documents/ConsoleFPGA/modulos/printModule/printModule.v Line: 32
    Warning (13410): Pin "memory_address[11]" is stuck at GND File: /home/gabriel/Documents/ConsoleFPGA/modulos/printModule/printModule.v Line: 32
    Warning (13410): Pin "memory_address[12]" is stuck at GND File: /home/gabriel/Documents/ConsoleFPGA/modulos/printModule/printModule.v Line: 32
    Warning (13410): Pin "memory_address[13]" is stuck at GND File: /home/gabriel/Documents/ConsoleFPGA/modulos/printModule/printModule.v Line: 32
    Warning (13410): Pin "memory_address[14]" is stuck at VCC File: /home/gabriel/Documents/ConsoleFPGA/modulos/printModule/printModule.v Line: 32
    Warning (13410): Pin "memory_address[15]" is stuck at VCC File: /home/gabriel/Documents/ConsoleFPGA/modulos/printModule/printModule.v Line: 32
    Warning (13410): Pin "memory_address[16]" is stuck at VCC File: /home/gabriel/Documents/ConsoleFPGA/modulos/printModule/printModule.v Line: 32
Info (286030): Timing-Driven Synthesis is running
Info (17049): 2 registers lost all their fanouts during netlist optimizations.
Info (16010): Generating hard_block partition "hard_block:auto_generated_inst"
    Info (16011): Adding 0 node(s), including 0 DDIO, 0 PLL, 0 transceiver and 0 LCELL
Info (21057): Implemented 200 device resources after synthesis - the final resource count might be different
    Info (21058): Implemented 56 input pins
    Info (21059): Implemented 69 output pins
    Info (21061): Implemented 75 logic cells
Info: Quartus Prime Analysis & Synthesis was successful. 0 errors, 29 warnings
    Info: Peak virtual memory: 957 megabytes
    Info: Processing ended: Sun Apr 12 14:43:28 2020
    Info: Elapsed time: 00:00:30
    Info: Total CPU time (on all processors): 00:01:06


