Flow report for ConsoleFPGA
Fri Oct 30 12:47:37 2020
Quartus Prime Version 18.1.0 Build 625 09/12/2018 SJ Lite Edition


---------------------
; Table of Contents ;
---------------------
  1. Legal Notice
  2. Flow Summary
  3. Flow Settings
  4. Flow Non-Default Global Settings
  5. Flow Elapsed Time
  6. Flow OS Summary
  7. Flow Log
  8. Flow Messages
  9. Flow Suppressed Messages



----------------
; Legal Notice ;
----------------
Copyright (C) 2018  Intel Corporation. All rights reserved.
Your use of Intel Corporation's design tools, logic functions 
and other software and tools, and its AMPP partner logic 
functions, and any output files from any of the foregoing 
(including device programming or simulation files), and any 
associated documentation or information are expressly subject 
to the terms and conditions of the Intel Program License 
Subscription Agreement, the Intel Quartus Prime License Agreement,
the Intel FPGA IP License Agreement, or other applicable license
agreement, including, without limitation, that your use is for
the sole purpose of programming logic devices manufactured by
Intel and sold by Intel or its authorized distributors.  Please
refer to the applicable agreement for further details.



+----------------------------------------------------------------------------------+
; Flow Summary                                                                     ;
+------------------------------------+---------------------------------------------+
; Flow Status                        ; Successful - Fri Oct 30 12:47:37 2020       ;
; Quartus Prime Version              ; 18.1.0 Build 625 09/12/2018 SJ Lite Edition ;
; Revision Name                      ; ConsoleFPGA                                 ;
; Top-level Entity Name              ; ArquiteturaCollenda                         ;
; Family                             ; Cyclone IV E                                ;
; Device                             ; EP4CE22F17C6                                ;
; Timing Models                      ; Final                                       ;
; Total logic elements               ; 5,327 / 22,320 ( 24 % )                     ;
;     Total combinational functions  ; 4,832 / 22,320 ( 22 % )                     ;
;     Dedicated logic registers      ; 2,388 / 22,320 ( 11 % )                     ;
; Total registers                    ; 2388                                        ;
; Total pins                         ; 16 / 154 ( 10 % )                           ;
; Total virtual pins                 ; 0                                           ;
; Total memory bits                  ; 398,720 / 608,256 ( 66 % )                  ;
; Embedded Multiplier 9-bit elements ; 0 / 132 ( 0 % )                             ;
; Total PLLs                         ; 1 / 4 ( 25 % )                              ;
+------------------------------------+---------------------------------------------+


+-----------------------------------------+
; Flow Settings                           ;
+-------------------+---------------------+
; Option            ; Setting             ;
+-------------------+---------------------+
; Start date & time ; 10/30/2020 12:44:11 ;
; Main task         ; Compilation         ;
; Revision Name     ; ConsoleFPGA         ;
+-------------------+---------------------+


+------------------------------------------------------------------------------------------------------------------------------------------------------------+
; Flow Non-Default Global Settings                                                                                                                           ;
+-------------------------------------+---------------------------------------------------------------+---------------+---------------------+----------------+
; Assignment Name                     ; Value                                                         ; Default Value ; Entity Name         ; Section Id     ;
+-------------------------------------+---------------------------------------------------------------+---------------+---------------------+----------------+
; COMPILER_SIGNATURE_ID               ; 39627052299777.160407265119245                                ; --            ; --                  ; --             ;
; EDA_OUTPUT_DATA_FORMAT              ; Verilog Hdl                                                   ; --            ; --                  ; eda_simulation ;
; EDA_SIMULATION_TOOL                 ; ModelSim-Altera (Verilog)                                     ; <None>        ; --                  ; --             ;
; EDA_TIME_SCALE                      ; 1 ps                                                          ; --            ; --                  ; eda_simulation ;
; MAX_CORE_JUNCTION_TEMP              ; 85                                                            ; --            ; --                  ; --             ;
; MIN_CORE_JUNCTION_TEMP              ; 0                                                             ; --            ; --                  ; --             ;
; MISC_FILE                           ; Arquitetura/synthesis/../Arquitetura.cmp                      ; --            ; --                  ; --             ;
; MISC_FILE                           ; Arquitetura/synthesis/../../Arquitetura.qsys                  ; --            ; --                  ; --             ;
; NOMINAL_CORE_SUPPLY_VOLTAGE         ; 1.2V                                                          ; --            ; --                  ; --             ;
; PARTITION_COLOR                     ; -- (Not supported for targeted family)                        ; --            ; ArquiteturaCollenda ; Top            ;
; PARTITION_FITTER_PRESERVATION_LEVEL ; -- (Not supported for targeted family)                        ; --            ; ArquiteturaCollenda ; Top            ;
; PARTITION_NETLIST_TYPE              ; -- (Not supported for targeted family)                        ; --            ; ArquiteturaCollenda ; Top            ;
; POWER_BOARD_THERMAL_MODEL           ; None (CONSERVATIVE)                                           ; --            ; --                  ; --             ;
; POWER_PRESET_COOLING_SOLUTION       ; 23 MM HEAT SINK WITH 200 LFPM AIRFLOW                         ; --            ; --                  ; --             ;
; PROJECT_OUTPUT_DIRECTORY            ; output_files                                                  ; --            ; --                  ; --             ;
; SLD_FILE                            ; Arquitetura/synthesis/Arquitetura.regmap                      ; --            ; --                  ; --             ;
; SLD_FILE                            ; Arquitetura/synthesis/Arquitetura.debuginfo                   ; --            ; --                  ; --             ;
; SLD_INFO                            ; QSYS_NAME Arquitetura HAS_SOPCINFO 1 GENERATION_ID 1604072404 ; --            ; Arquitetura         ; --             ;
; SOPCINFO_FILE                       ; Arquitetura/synthesis/../../Arquitetura.sopcinfo              ; --            ; --                  ; --             ;
; SYNTHESIS_ONLY_QIP                  ; On                                                            ; --            ; --                  ; --             ;
; TOP_LEVEL_ENTITY                    ; ArquiteturaCollenda                                           ; ConsoleFPGA   ; --                  ; --             ;
+-------------------------------------+---------------------------------------------------------------+---------------+---------------------+----------------+


+--------------------------------------------------------------------------------------------------------------------------+
; Flow Elapsed Time                                                                                                        ;
+----------------------+--------------+-------------------------+---------------------+------------------------------------+
; Module Name          ; Elapsed Time ; Average Processors Used ; Peak Virtual Memory ; Total CPU Time (on all processors) ;
+----------------------+--------------+-------------------------+---------------------+------------------------------------+
; Analysis & Synthesis ; 00:01:46     ; 1.0                     ; 1109 MB             ; 00:02:58                           ;
; Fitter               ; 00:00:48     ; 1.1                     ; 1302 MB             ; 00:01:00                           ;
; Assembler            ; 00:00:06     ; 1.0                     ; 806 MB              ; 00:00:05                           ;
; Timing Analyzer      ; 00:00:08     ; 1.2                     ; 857 MB              ; 00:00:09                           ;
; EDA Netlist Writer   ; 00:00:19     ; 1.0                     ; 1086 MB             ; 00:00:19                           ;
; Total                ; 00:03:07     ; --                      ; --                  ; 00:04:31                           ;
+----------------------+--------------+-------------------------+---------------------+------------------------------------+


+----------------------------------------------------------------------------------------+
; Flow OS Summary                                                                        ;
+----------------------+------------------+----------------+------------+----------------+
; Module Name          ; Machine Hostname ; OS Name        ; OS Version ; Processor type ;
+----------------------+------------------+----------------+------------+----------------+
; Analysis & Synthesis ; notebook         ; Ubuntu 20.04.1 ; 20         ; x86_64         ;
; Fitter               ; notebook         ; Ubuntu 20.04.1 ; 20         ; x86_64         ;
; Assembler            ; notebook         ; Ubuntu 20.04.1 ; 20         ; x86_64         ;
; Timing Analyzer      ; notebook         ; Ubuntu 20.04.1 ; 20         ; x86_64         ;
; EDA Netlist Writer   ; notebook         ; Ubuntu 20.04.1 ; 20         ; x86_64         ;
+----------------------+------------------+----------------+------------+----------------+


------------
; Flow Log ;
------------
quartus_map --read_settings_files=on --write_settings_files=off ConsoleFPGA -c ConsoleFPGA
quartus_fit --read_settings_files=off --write_settings_files=off ConsoleFPGA -c ConsoleFPGA
quartus_asm --read_settings_files=off --write_settings_files=off ConsoleFPGA -c ConsoleFPGA
quartus_sta ConsoleFPGA -c ConsoleFPGA
quartus_eda --read_settings_files=off --write_settings_files=off ConsoleFPGA -c ConsoleFPGA



