Info: Starting: Create block symbol file (.bsf)
Info: qsys-generate /home/gabriel/Documents/ConsoleFPGA/arquiteturaQsys/collenda.qsys --block-symbol-file --output-directory=/home/gabriel/Documents/ConsoleFPGA/arquiteturaQsys/arquiteturaQsys --family="Cyclone IV E" --part=EP4CE22F17C6
Progress: Loading arquiteturaQsys/collenda.qsys
Progress: Reading input file
Progress: Adding check_print [altera_avalon_pio 18.1]
Progress: Parameterizing module check_print
Progress: Adding clk_0 [clock_source 18.1]
Progress: Parameterizing module clk_0
Progress: Adding jtag_uart_0 [altera_avalon_jtag_uart 18.1]
Progress: Parameterizing module jtag_uart_0
Progress: Adding nios2_gen2_0 [altera_nios2_gen2 18.1]
Progress: Parameterizing module nios2_gen2_0
Progress: Adding onchip_memory2_0 [altera_avalon_onchip_memory2 18.1]
Progress: Parameterizing module onchip_memory2_0
Progress: Adding pushbutton_reset [altera_avalon_pio 18.1]
Progress: Parameterizing module pushbutton_reset
Progress: Adding sysid_qsys_0 [altera_avalon_sysid_qsys 18.1]
Progress: Parameterizing module sysid_qsys_0
Progress: Adding video_processor_0 [video_processor 1.0]
Progress: Parameterizing module video_processor_0
Progress: Building connections
Progress: Parameterizing connections
Progress: Validating
Progress: Done reading input file
Info: collenda.check_print: PIO inputs are not hardwired in test bench. Undefined values will be read from PIO inputs during simulation.
Info: collenda.jtag_uart_0: JTAG UART IP input clock need to be at least double (2x) the operating frequency of JTAG TCK on board
Info: collenda.pushbutton_reset: PIO inputs are not hardwired in test bench. Undefined values will be read from PIO inputs during simulation.
Info: collenda.sysid_qsys_0: System ID is not assigned automatically. Edit the System ID parameter to provide a unique ID
Info: collenda.sysid_qsys_0: Time stamp will be automatically updated when this component is generated.
Info: qsys-generate succeeded.
Info: Finished: Create block symbol file (.bsf)
Info: 
Info: Starting: Create HDL design files for synthesis
Info: qsys-generate /home/gabriel/Documents/ConsoleFPGA/arquiteturaQsys/collenda.qsys --synthesis=VERILOG --output-directory=/home/gabriel/Documents/ConsoleFPGA/arquiteturaQsys/arquiteturaQsys/synthesis --family="Cyclone IV E" --part=EP4CE22F17C6
Progress: Loading arquiteturaQsys/collenda.qsys
Progress: Reading input file
Progress: Adding check_print [altera_avalon_pio 18.1]
Progress: Parameterizing module check_print
Progress: Adding clk_0 [clock_source 18.1]
Progress: Parameterizing module clk_0
Progress: Adding jtag_uart_0 [altera_avalon_jtag_uart 18.1]
Progress: Parameterizing module jtag_uart_0
Progress: Adding nios2_gen2_0 [altera_nios2_gen2 18.1]
Progress: Parameterizing module nios2_gen2_0
Progress: Adding onchip_memory2_0 [altera_avalon_onchip_memory2 18.1]
Progress: Parameterizing module onchip_memory2_0
Progress: Adding pushbutton_reset [altera_avalon_pio 18.1]
Progress: Parameterizing module pushbutton_reset
Progress: Adding sysid_qsys_0 [altera_avalon_sysid_qsys 18.1]
Progress: Parameterizing module sysid_qsys_0
Progress: Adding video_processor_0 [video_processor 1.0]
Progress: Parameterizing module video_processor_0
Progress: Building connections
Progress: Parameterizing connections
Progress: Validating
Progress: Done reading input file
Info: collenda.check_print: PIO inputs are not hardwired in test bench. Undefined values will be read from PIO inputs during simulation.
Info: collenda.jtag_uart_0: JTAG UART IP input clock need to be at least double (2x) the operating frequency of JTAG TCK on board
Info: collenda.pushbutton_reset: PIO inputs are not hardwired in test bench. Undefined values will be read from PIO inputs during simulation.
Info: collenda.sysid_qsys_0: System ID is not assigned automatically. Edit the System ID parameter to provide a unique ID
Info: collenda.sysid_qsys_0: Time stamp will be automatically updated when this component is generated.
Info: collenda: Generating collenda "collenda" for QUARTUS_SYNTH
Warning: collenda: "No matching role found for nios2_gen2_0_custom_instruction_master_multi_xconnect:ci_slave:ci_slave_ipending (ipending)"
Warning: collenda: "No matching role found for nios2_gen2_0_custom_instruction_master_multi_xconnect:ci_slave:ci_slave_estatus (estatus)"
Warning: collenda: "No matching role found for nios2_gen2_0_custom_instruction_master_multi_slave_translator0:ci_master:ci_master_result (result)"
Info: check_print: Starting RTL generation for module 'collenda_check_print'
Info: check_print:   Generation command is [exec /opt/intelFPGA_lite/18.1/quartus/linux64/perl/bin/perl -I /opt/intelFPGA_lite/18.1/quartus/linux64/perl/lib -I /opt/intelFPGA_lite/18.1/quartus/sopc_builder/bin/europa -I /opt/intelFPGA_lite/18.1/quartus/sopc_builder/bin/perl_lib -I /opt/intelFPGA_lite/18.1/quartus/sopc_builder/bin -I /opt/intelFPGA_lite/18.1/quartus/../ip/altera/sopc_builder_ip/common -I /opt/intelFPGA_lite/18.1/quartus/../ip/altera/sopc_builder_ip/altera_avalon_pio -- /opt/intelFPGA_lite/18.1/quartus/../ip/altera/sopc_builder_ip/altera_avalon_pio/generate_rtl.pl --name=collenda_check_print --dir=/tmp/alt8459_5182947371270393014.dir/0096_check_print_gen/ --quartus_dir=/opt/intelFPGA_lite/18.1/quartus --verilog --config=/tmp/alt8459_5182947371270393014.dir/0096_check_print_gen//collenda_check_print_component_configuration.pl  --do_build_sim=0  ]
Info: check_print: Done RTL generation for module 'collenda_check_print'
Info: check_print: "collenda" instantiated altera_avalon_pio "check_print"
Info: jtag_uart_0: Starting RTL generation for module 'collenda_jtag_uart_0'
Info: jtag_uart_0:   Generation command is [exec /opt/intelFPGA_lite/18.1/quartus/linux64/perl/bin/perl -I /opt/intelFPGA_lite/18.1/quartus/linux64/perl/lib -I /opt/intelFPGA_lite/18.1/quartus/sopc_builder/bin/europa -I /opt/intelFPGA_lite/18.1/quartus/sopc_builder/bin/perl_lib -I /opt/intelFPGA_lite/18.1/quartus/sopc_builder/bin -I /opt/intelFPGA_lite/18.1/quartus/../ip/altera/sopc_builder_ip/common -I /opt/intelFPGA_lite/18.1/quartus/../ip/altera/sopc_builder_ip/altera_avalon_jtag_uart -- /opt/intelFPGA_lite/18.1/quartus/../ip/altera/sopc_builder_ip/altera_avalon_jtag_uart/generate_rtl.pl --name=collenda_jtag_uart_0 --dir=/tmp/alt8459_5182947371270393014.dir/0097_jtag_uart_0_gen/ --quartus_dir=/opt/intelFPGA_lite/18.1/quartus --verilog --config=/tmp/alt8459_5182947371270393014.dir/0097_jtag_uart_0_gen//collenda_jtag_uart_0_component_configuration.pl  --do_build_sim=0  ]
Info: jtag_uart_0: Done RTL generation for module 'collenda_jtag_uart_0'
Info: jtag_uart_0: "collenda" instantiated altera_avalon_jtag_uart "jtag_uart_0"
Info: nios2_gen2_0: "collenda" instantiated altera_nios2_gen2 "nios2_gen2_0"
Info: onchip_memory2_0: Starting RTL generation for module 'collenda_onchip_memory2_0'
Info: onchip_memory2_0:   Generation command is [exec /opt/intelFPGA_lite/18.1/quartus/linux64/perl/bin/perl -I /opt/intelFPGA_lite/18.1/quartus/linux64/perl/lib -I /opt/intelFPGA_lite/18.1/quartus/sopc_builder/bin/europa -I /opt/intelFPGA_lite/18.1/quartus/sopc_builder/bin/perl_lib -I /opt/intelFPGA_lite/18.1/quartus/sopc_builder/bin -I /opt/intelFPGA_lite/18.1/quartus/../ip/altera/sopc_builder_ip/common -I /opt/intelFPGA_lite/18.1/quartus/../ip/altera/sopc_builder_ip/altera_avalon_onchip_memory2 -- /opt/intelFPGA_lite/18.1/quartus/../ip/altera/sopc_builder_ip/altera_avalon_onchip_memory2/generate_rtl.pl --name=collenda_onchip_memory2_0 --dir=/tmp/alt8459_5182947371270393014.dir/0098_onchip_memory2_0_gen/ --quartus_dir=/opt/intelFPGA_lite/18.1/quartus --verilog --config=/tmp/alt8459_5182947371270393014.dir/0098_onchip_memory2_0_gen//collenda_onchip_memory2_0_component_configuration.pl  --do_build_sim=0  ]
Info: onchip_memory2_0: Done RTL generation for module 'collenda_onchip_memory2_0'
Info: onchip_memory2_0: "collenda" instantiated altera_avalon_onchip_memory2 "onchip_memory2_0"
Info: sysid_qsys_0: "collenda" instantiated altera_avalon_sysid_qsys "sysid_qsys_0"
Info: video_processor_0: "collenda" instantiated video_processor "video_processor_0"
Info: nios2_gen2_0_custom_instruction_master_translator: "collenda" instantiated altera_customins_master_translator "nios2_gen2_0_custom_instruction_master_translator"
Info: nios2_gen2_0_custom_instruction_master_multi_xconnect: "collenda" instantiated altera_customins_xconnect "nios2_gen2_0_custom_instruction_master_multi_xconnect"
Info: nios2_gen2_0_custom_instruction_master_multi_slave_translator0: "collenda" instantiated altera_customins_slave_translator "nios2_gen2_0_custom_instruction_master_multi_slave_translator0"
Info: avalon_st_adapter: Inserting error_adapter: error_adapter_0
Info: avalon_st_adapter_001: Inserting error_adapter: error_adapter_0
Info: avalon_st_adapter_002: Inserting error_adapter: error_adapter_0
Info: avalon_st_adapter_003: Inserting error_adapter: error_adapter_0
Info: avalon_st_adapter_004: Inserting error_adapter: error_adapter_0
Info: avalon_st_adapter_005: Inserting error_adapter: error_adapter_0
Info: mm_interconnect_0: "collenda" instantiated altera_mm_interconnect "mm_interconnect_0"
Info: irq_mapper: "collenda" instantiated altera_irq_mapper "irq_mapper"
Info: rst_controller: "collenda" instantiated altera_reset_controller "rst_controller"
Info: cpu: Starting RTL generation for module 'collenda_nios2_gen2_0_cpu'
Info: cpu:   Generation command is [exec /opt/intelFPGA_lite/18.1/quartus/linux64//eperlcmd -I /opt/intelFPGA_lite/18.1/quartus/linux64//perl/lib -I /opt/intelFPGA_lite/18.1/quartus/sopc_builder/bin/europa -I /opt/intelFPGA_lite/18.1/quartus/sopc_builder/bin/perl_lib -I /opt/intelFPGA_lite/18.1/quartus/sopc_builder/bin -I /opt/intelFPGA_lite/18.1/quartus/../ip/altera/nios2_ip/altera_nios2_gen2/cpu_lib -I /opt/intelFPGA_lite/18.1/quartus/../ip/altera/nios2_ip/altera_nios2_gen2/nios_lib -I /opt/intelFPGA_lite/18.1/quartus/../ip/altera/nios2_ip/altera_nios2_gen2 -I /opt/intelFPGA_lite/18.1/quartus/../ip/altera/nios2_ip/altera_nios2_gen2 -- /opt/intelFPGA_lite/18.1/quartus/../ip/altera/nios2_ip/altera_nios2_gen2/generate_rtl.epl --name=collenda_nios2_gen2_0_cpu --dir=/tmp/alt8459_5182947371270393014.dir/0106_cpu_gen/ --quartus_bindir=/opt/intelFPGA_lite/18.1/quartus/linux64/ --verilog --config=/tmp/alt8459_5182947371270393014.dir/0106_cpu_gen//collenda_nios2_gen2_0_cpu_processor_configuration.pl  --do_build_sim=0  ]
Info: cpu: # 2020.07.16 10:58:47 (*) Starting Nios II generation
Info: cpu: # 2020.07.16 10:58:47 (*)   Checking for plaintext license.
Info: cpu: # 2020.07.16 10:58:48 (*)   Couldn't query license setup in Quartus directory /opt/intelFPGA_lite/18.1/quartus/linux64/
Info: cpu: # 2020.07.16 10:58:48 (*)   Defaulting to contents of LM_LICENSE_FILE environment variable
Info: cpu: # 2020.07.16 10:58:48 (*)   LM_LICENSE_FILE environment variable is empty
Info: cpu: # 2020.07.16 10:58:48 (*)   Plaintext license not found.
Info: cpu: # 2020.07.16 10:58:48 (*)   No license required to generate encrypted Nios II/e.
Info: cpu: # 2020.07.16 10:58:48 (*)   Elaborating CPU configuration settings
Info: cpu: # 2020.07.16 10:58:48 (*)   Creating all objects for CPU
Info: cpu: # 2020.07.16 10:58:50 (*)   Generating RTL from CPU objects
Info: cpu: # 2020.07.16 10:58:50 (*)   Creating plain-text RTL
Info: cpu: # 2020.07.16 10:58:52 (*) Done Nios II generation
Info: cpu: Done RTL generation for module 'collenda_nios2_gen2_0_cpu'
Info: cpu: "nios2_gen2_0" instantiated altera_nios2_gen2_unit "cpu"
Info: nios2_gen2_0_data_master_translator: "mm_interconnect_0" instantiated altera_merlin_master_translator "nios2_gen2_0_data_master_translator"
Info: jtag_uart_0_avalon_jtag_slave_translator: "mm_interconnect_0" instantiated altera_merlin_slave_translator "jtag_uart_0_avalon_jtag_slave_translator"
Info: nios2_gen2_0_data_master_agent: "mm_interconnect_0" instantiated altera_merlin_master_agent "nios2_gen2_0_data_master_agent"
Info: jtag_uart_0_avalon_jtag_slave_agent: "mm_interconnect_0" instantiated altera_merlin_slave_agent "jtag_uart_0_avalon_jtag_slave_agent"
Info: jtag_uart_0_avalon_jtag_slave_agent_rsp_fifo: "mm_interconnect_0" instantiated altera_avalon_sc_fifo "jtag_uart_0_avalon_jtag_slave_agent_rsp_fifo"
Info: router: "mm_interconnect_0" instantiated altera_merlin_router "router"
Info: router_002: "mm_interconnect_0" instantiated altera_merlin_router "router_002"
Info: cmd_demux: "mm_interconnect_0" instantiated altera_merlin_demultiplexer "cmd_demux"
Info: cmd_mux: "mm_interconnect_0" instantiated altera_merlin_multiplexer "cmd_mux"
Info: rsp_demux: "mm_interconnect_0" instantiated altera_merlin_demultiplexer "rsp_demux"
Info: rsp_mux: "mm_interconnect_0" instantiated altera_merlin_multiplexer "rsp_mux"
Info: Reusing file /home/gabriel/Documents/ConsoleFPGA/arquiteturaQsys/arquiteturaQsys/synthesis/submodules/altera_merlin_arbitrator.sv
Info: avalon_st_adapter: "mm_interconnect_0" instantiated altera_avalon_st_adapter "avalon_st_adapter"
Info: error_adapter_0: "avalon_st_adapter" instantiated error_adapter "error_adapter_0"
Info: collenda: Done "collenda" with 27 modules, 54 files
Info: qsys-generate succeeded.
Info: Finished: Create HDL design files for synthesis
